2025-06-12 08:41:20 | INFO |p_deep_camera | MainThread |  main_deep_camera : main_deep_camera:578 | ------------------------------deep_camera_start------------------------------
2025-06-12 08:41:20 | INFO |p_deep_camera | MainThread |  main_deep_camera : main_deep_camera:555 | 相机配置文件读取成功。
2025-06-12 08:41:20 | INFO |p_deep_camera | MainThread |  main_deep_camera : main_deep_camera:562 | 相机连接开始时间：2025-06-12 08:41:20.119
2025-06-12 09:01:04 | INFO |p_deep_camera | MainThread |  main_deep_camera : main_deep_camera:578 | ------------------------------deep_camera_start------------------------------
2025-06-12 09:01:04 | INFO |p_deep_camera | MainThread |  main_deep_camera : main_deep_camera:555 | 相机配置文件读取成功。
2025-06-12 09:08:00 | INFO |p_deep_camera | MainThread |  main_deep_camera : main_deep_camera:578 | ------------------------------deep_camera_start------------------------------
2025-06-12 09:08:00 | INFO |p_deep_camera | MainThread |  main_deep_camera : main_deep_camera:555 | 相机配置文件读取成功。
2025-06-12 09:08:00 | INFO |p_deep_camera | MainThread |  main_deep_camera : main_deep_camera:562 | 相机连接开始时间：2025-06-12 09:08:00.848
2025-06-12 09:08:00 | INFO |p_deep_camera | Thread-6 |  main_deep_camera : main_deep_camera:374 | 深度相机删除文件线程开始运行
2025-06-12 09:08:16 | ERROR |p_deep_camera | MainThread |  main_deep_camera : main_deep_camera:435 | 深度相机_1 | 设备未连接: 异常原因No device connected
2025-06-12 09:08:16 | WARNING |p_deep_camera | Thread-6 |  main_deep_camera : main_deep_camera:365 | 深度相机 | 删除文件总大小: 0 G-bytes | 删除文件总数量： 0 | 此时相机拍摄的图像数量：0
2025-06-12 09:08:16 | INFO |p_deep_camera | Thread-6 |  main_deep_camera : main_deep_camera:386 | deep_camera 删除文件成功
2025-06-12 09:08:16 | INFO |p_deep_camera | Thread-7 |  main_deep_camera : main_deep_camera:468 | 深度相机1开始运行
2025-06-12 09:08:16 | INFO |p_deep_camera | Thread-8 |  main_deep_camera : main_deep_camera:262 | 深度相机1图像处理线程开始运行
2025-06-12 09:08:31 | ERROR |p_deep_camera | Thread-7 |  main_deep_camera : main_deep_camera:435 | 深度相机_1 | 设备未连接: 异常原因No device connected
2025-06-12 09:08:46 | ERROR |p_deep_camera | Thread-7 |  main_deep_camera : main_deep_camera:435 | 深度相机_1 | 设备未连接: 异常原因No device connected
2025-06-12 09:09:01 | ERROR |p_deep_camera | Thread-7 |  main_deep_camera : main_deep_camera:435 | 深度相机_1 | 设备未连接: 异常原因No device connected
2025-06-12 09:09:16 | ERROR |p_deep_camera | Thread-7 |  main_deep_camera : main_deep_camera:435 | 深度相机_1 | 设备未连接: 异常原因No device connected
2025-06-12 09:09:16 | DEBUG |p_deep_camera | Thread-8 |  main_deep_camera : main_deep_camera:318 | deep_camera_1 | image_process |  图像处理线程一次处理时间：60.48648929595947秒 | 共处理0个图像文件 | 此时总图像帧数量:0
2025-06-12 09:09:32 | ERROR |p_deep_camera | Thread-7 |  main_deep_camera : main_deep_camera:435 | 深度相机_1 | 设备未连接: 异常原因No device connected
2025-06-12 09:09:47 | ERROR |p_deep_camera | Thread-7 |  main_deep_camera : main_deep_camera:435 | 深度相机_1 | 设备未连接: 异常原因No device connected
2025-06-12 09:10:02 | ERROR |p_deep_camera | Thread-7 |  main_deep_camera : main_deep_camera:435 | 深度相机_1 | 设备未连接: 异常原因No device connected
2025-06-12 14:22:26 | INFO |p_deep_camera | MainThread |  main_deep_camera : main_deep_camera:579 | ------------------------------deep_camera_start------------------------------
2025-06-12 14:22:26 | INFO |p_deep_camera | MainThread |  main_deep_camera : main_deep_camera:556 | 相机配置文件读取成功。
2025-06-12 14:29:27 | INFO |p_deep_camera | MainThread |  main_deep_camera : main_deep_camera:579 | ------------------------------deep_camera_start------------------------------
2025-06-12 14:29:27 | INFO |p_deep_camera | MainThread |  main_deep_camera : main_deep_camera:556 | 相机配置文件读取成功。
2025-06-12 14:29:27 | INFO |p_deep_camera | MainThread |  main_deep_camera : main_deep_camera:563 | 相机连接开始时间：2025-06-12 14:29:27.214
2025-06-12 14:29:27 | INFO |p_deep_camera | Thread-1 |  main_deep_camera : main_deep_camera:375 | 深度相机删除文件线程开始运行
2025-06-12 14:29:42 | ERROR |p_deep_camera | MainThread |  main_deep_camera : main_deep_camera:436 | 深度相机_1 | 设备未连接: 异常原因None
2025-06-12 14:29:42 | WARNING |p_deep_camera | Thread-1 |  main_deep_camera : main_deep_camera:366 | 深度相机 | 删除文件总大小: 2.6931002290541945e-08 G-bytes | 删除文件总数量： 1 | 此时相机拍摄的图像数量：0
2025-06-12 14:29:42 | INFO |p_deep_camera | Thread-1 |  main_deep_camera : main_deep_camera:387 | deep_camera 删除文件成功
2025-06-12 14:29:42 | INFO |p_deep_camera | Thread-2 |  main_deep_camera : main_deep_camera:469 | 深度相机1开始运行
2025-06-12 14:29:42 | INFO |p_deep_camera | Thread-3 |  main_deep_camera : main_deep_camera:263 | 深度相机1图像处理线程开始运行
2025-06-12 14:29:57 | ERROR |p_deep_camera | Thread-2 |  main_deep_camera : main_deep_camera:436 | 深度相机_1 | 设备未连接: 异常原因None
2025-06-12 14:30:12 | DEBUG |p_deep_camera | Thread-3 |  main_deep_camera : main_deep_camera:319 | deep_camera_1 | image_process |  图像处理线程一次处理时间：30.25963282585144秒 | 共处理0个图像文件 | 此时总图像帧数量:0
2025-06-12 14:30:12 | ERROR |p_deep_camera | Thread-2 |  main_deep_camera : main_deep_camera:436 | 深度相机_1 | 设备未连接: 异常原因None
2025-06-12 14:30:27 | ERROR |p_deep_camera | Thread-2 |  main_deep_camera : main_deep_camera:436 | 深度相机_1 | 设备未连接: 异常原因None
2025-06-12 14:30:43 | ERROR |p_deep_camera | Thread-2 |  main_deep_camera : main_deep_camera:436 | 深度相机_1 | 设备未连接: 异常原因None
2025-06-12 14:30:58 | ERROR |p_deep_camera | Thread-2 |  main_deep_camera : main_deep_camera:436 | 深度相机_1 | 设备未连接: 异常原因None
2025-06-12 14:31:13 | ERROR |p_deep_camera | Thread-2 |  main_deep_camera : main_deep_camera:436 | 深度相机_1 | 设备未连接: 异常原因None
2025-06-12 14:31:28 | ERROR |p_deep_camera | Thread-2 |  main_deep_camera : main_deep_camera:436 | 深度相机_1 | 设备未连接: 异常原因None
2025-06-12 14:31:43 | ERROR |p_deep_camera | Thread-2 |  main_deep_camera : main_deep_camera:436 | 深度相机_1 | 设备未连接: 异常原因None
2025-06-12 14:31:58 | ERROR |p_deep_camera | Thread-2 |  main_deep_camera : main_deep_camera:436 | 深度相机_1 | 设备未连接: 异常原因None
2025-06-12 14:34:14 | INFO |p_deep_camera | MainThread |  main_deep_camera : main_deep_camera:579 | ------------------------------deep_camera_start------------------------------
2025-06-12 14:34:14 | INFO |p_deep_camera | MainThread |  main_deep_camera : main_deep_camera:556 | 相机配置文件读取成功。
2025-06-12 14:34:14 | INFO |p_deep_camera | MainThread |  main_deep_camera : main_deep_camera:563 | 相机连接开始时间：2025-06-12 14:34:14.372
2025-06-12 14:34:14 | INFO |p_deep_camera | Thread-1 |  main_deep_camera : main_deep_camera:375 | 深度相机删除文件线程开始运行
2025-06-12 14:34:29 | ERROR |p_deep_camera | MainThread |  main_deep_camera : main_deep_camera:598 | deep相机1初始化失败，失败原因：None
2025-06-12 14:34:29 | WARNING |p_deep_camera | Thread-1 |  main_deep_camera : main_deep_camera:366 | 深度相机 | 删除文件总大小: 0 G-bytes | 删除文件总数量： 0 | 此时相机拍摄的图像数量：0
2025-06-12 14:34:29 | INFO |p_deep_camera | Thread-1 |  main_deep_camera : main_deep_camera:387 | deep_camera 删除文件成功
2025-06-12 14:35:23 | INFO |p_deep_camera | MainThread |  main_deep_camera : main_deep_camera:579 | ------------------------------deep_camera_start------------------------------
2025-06-12 14:35:23 | INFO |p_deep_camera | MainThread |  main_deep_camera : main_deep_camera:556 | 相机配置文件读取成功。
2025-06-12 14:35:23 | INFO |p_deep_camera | MainThread |  main_deep_camera : main_deep_camera:563 | 相机连接开始时间：2025-06-12 14:35:23.878
2025-06-12 14:35:23 | INFO |p_deep_camera | Thread-1 |  main_deep_camera : main_deep_camera:375 | 深度相机删除文件线程开始运行
2025-06-12 14:35:39 | ERROR |p_deep_camera | MainThread |  main_deep_camera : main_deep_camera:436 | 深度相机_1 | 设备未连接: 异常原因No device connected | None
2025-06-12 14:35:39 | WARNING |p_deep_camera | Thread-1 |  main_deep_camera : main_deep_camera:366 | 深度相机 | 删除文件总大小: 0 G-bytes | 删除文件总数量： 0 | 此时相机拍摄的图像数量：0
2025-06-12 14:35:39 | INFO |p_deep_camera | Thread-1 |  main_deep_camera : main_deep_camera:387 | deep_camera 删除文件成功
2025-06-12 14:35:39 | INFO |p_deep_camera | Thread-2 |  main_deep_camera : main_deep_camera:469 | 深度相机1开始运行
2025-06-12 14:35:39 | INFO |p_deep_camera | Thread-3 |  main_deep_camera : main_deep_camera:263 | 深度相机1图像处理线程开始运行
2025-06-12 14:37:56 | INFO |p_deep_camera | MainThread |  main_deep_camera : main_deep_camera:582 | ------------------------------deep_camera_start------------------------------
2025-06-12 14:37:56 | INFO |p_deep_camera | MainThread |  main_deep_camera : main_deep_camera:559 | 相机配置文件读取成功。
2025-06-12 14:37:56 | INFO |p_deep_camera | MainThread |  main_deep_camera : main_deep_camera:566 | 相机连接开始时间：2025-06-12 14:37:56.493
2025-06-12 14:37:56 | INFO |p_deep_camera | Thread-1 |  main_deep_camera : main_deep_camera:378 | 深度相机删除文件线程开始运行
2025-06-12 14:38:11 | ERROR |p_deep_camera | MainThread |  main_deep_camera : main_deep_camera:439 | 深度相机_1 | 设备未连接: 异常原因No device connected |   异常堆栈跟踪：None
2025-06-12 14:38:11 | WARNING |p_deep_camera | Thread-1 |  main_deep_camera : main_deep_camera:369 | 深度相机 | 删除文件总大小: 2.6931002290541945e-08 G-bytes | 删除文件总数量： 1 | 此时相机拍摄的图像数量：0
2025-06-12 14:38:11 | INFO |p_deep_camera | Thread-1 |  main_deep_camera : main_deep_camera:390 | deep_camera 删除文件成功
2025-06-12 14:38:11 | INFO |p_deep_camera | Thread-2 |  main_deep_camera : main_deep_camera:472 | 深度相机1开始运行
2025-06-12 14:41:43 | INFO |p_deep_camera | MainThread |  main_deep_camera : main_deep_camera:582 | ------------------------------deep_camera_start------------------------------
2025-06-12 14:41:43 | INFO |p_deep_camera | MainThread |  main_deep_camera : main_deep_camera:559 | 相机配置文件读取成功。
2025-06-12 14:41:43 | INFO |p_deep_camera | MainThread |  main_deep_camera : main_deep_camera:566 | 相机连接开始时间：2025-06-12 14:41:43.056
2025-06-12 14:41:43 | INFO |p_deep_camera | Thread-1 |  main_deep_camera : main_deep_camera:378 | 深度相机删除文件线程开始运行
2025-06-12 14:41:58 | ERROR |p_deep_camera | MainThread |  main_deep_camera : main_deep_camera:439 | 深度相机_1 | 设备未连接: 异常原因No device connected |   异常堆栈跟踪：None
2025-06-12 14:41:58 | WARNING |p_deep_camera | Thread-1 |  main_deep_camera : main_deep_camera:369 | 深度相机 | 删除文件总大小: 2.6931002290541945e-08 G-bytes | 删除文件总数量： 1 | 此时相机拍摄的图像数量：0
2025-06-12 14:41:58 | INFO |p_deep_camera | Thread-1 |  main_deep_camera : main_deep_camera:390 | deep_camera 删除文件成功
2025-06-12 14:41:58 | INFO |p_deep_camera | Thread-2 |  main_deep_camera : main_deep_camera:472 | 深度相机1开始运行
2025-06-12 14:41:58 | INFO |p_deep_camera | Thread-3 |  main_deep_camera : main_deep_camera:265 | 深度相机1图像处理线程开始运行
2025-06-12 14:42:13 | ERROR |p_deep_camera | Thread-2 |  main_deep_camera : main_deep_camera:439 | 深度相机_1 | 设备未连接: 异常原因No device connected |   异常堆栈跟踪：None
2025-06-12 15:14:19 | INFO |p_deep_camera | MainThread |  main_deep_camera : main_deep_camera:582 | ------------------------------deep_camera_start------------------------------
2025-06-12 15:14:19 | INFO |p_deep_camera | MainThread |  main_deep_camera : main_deep_camera:559 | 相机配置文件读取成功。
2025-06-12 15:14:19 | INFO |p_deep_camera | MainThread |  main_deep_camera : main_deep_camera:566 | 相机连接开始时间：2025-06-12 15:14:19.475
2025-06-12 15:14:19 | INFO |p_deep_camera | Thread-1 |  main_deep_camera : main_deep_camera:378 | 深度相机删除文件线程开始运行
2025-06-12 15:14:34 | ERROR |p_deep_camera | MainThread |  main_deep_camera : main_deep_camera:439 | 深度相机_1 | 设备未连接: 异常原因No device connected |   异常堆栈跟踪：None
2025-06-12 15:14:34 | WARNING |p_deep_camera | Thread-1 |  main_deep_camera : main_deep_camera:369 | 深度相机 | 删除文件总大小: 2.8515178895867942e-08 G-bytes | 删除文件总数量： 2 | 此时相机拍摄的图像数量：0
2025-06-12 15:14:34 | INFO |p_deep_camera | Thread-1 |  main_deep_camera : main_deep_camera:390 | deep_camera 删除文件成功
2025-06-12 15:14:34 | INFO |p_deep_camera | Thread-2 |  main_deep_camera : main_deep_camera:472 | 深度相机1开始运行
2025-06-12 15:14:34 | INFO |p_deep_camera | Thread-3 |  main_deep_camera : main_deep_camera:265 | 深度相机1图像处理线程开始运行
2025-06-12 15:14:49 | ERROR |p_deep_camera | Thread-2 |  main_deep_camera : main_deep_camera:439 | 深度相机_1 | 设备未连接: 异常原因No device connected |   异常堆栈跟踪：None
2025-06-12 15:15:05 | DEBUG |p_deep_camera | Thread-3 |  main_deep_camera : main_deep_camera:321 | deep_camera_1 | image_process |  图像处理线程一次处理时间：30.24737572669983秒 | 共处理0个图像文件 | 此时总图像帧数量:0
2025-06-12 15:15:05 | ERROR |p_deep_camera | Thread-2 |  main_deep_camera : main_deep_camera:439 | 深度相机_1 | 设备未连接: 异常原因No device connected |   异常堆栈跟踪：None
2025-06-12 15:22:47 | INFO |p_deep_camera | MainThread |  main_deep_camera : main_deep_camera:582 | ------------------------------deep_camera_start------------------------------
2025-06-12 15:22:47 | INFO |p_deep_camera | MainThread |  main_deep_camera : main_deep_camera:559 | 相机配置文件读取成功。
2025-06-12 15:22:47 | INFO |p_deep_camera | MainThread |  main_deep_camera : main_deep_camera:566 | 相机连接开始时间：2025-06-12 15:22:47.731
2025-06-12 15:23:14 | INFO |p_deep_camera | MainThread |  main_deep_camera : main_deep_camera:582 | ------------------------------deep_camera_start------------------------------
2025-06-12 15:23:14 | INFO |p_deep_camera | MainThread |  main_deep_camera : main_deep_camera:559 | 相机配置文件读取成功。
2025-06-12 15:23:14 | INFO |p_deep_camera | MainThread |  main_deep_camera : main_deep_camera:566 | 相机连接开始时间：2025-06-12 15:23:14.141
2025-06-12 15:23:14 | INFO |p_deep_camera | Thread-1 |  main_deep_camera : main_deep_camera:378 | 深度相机删除文件线程开始运行
2025-06-12 15:23:29 | ERROR |p_deep_camera | MainThread |  main_deep_camera : main_deep_camera:439 | 深度相机_1 | 设备未连接: 异常原因No device connected |   异常堆栈跟踪：None
2025-06-12 15:23:29 | WARNING |p_deep_camera | Thread-1 |  main_deep_camera : main_deep_camera:369 | 深度相机 | 删除文件总大小: 2.6931002290541945e-08 G-bytes | 删除文件总数量： 1 | 此时相机拍摄的图像数量：0
2025-06-12 15:23:29 | INFO |p_deep_camera | Thread-1 |  main_deep_camera : main_deep_camera:390 | deep_camera 删除文件成功
2025-06-12 15:23:29 | INFO |p_deep_camera | Thread-2 |  main_deep_camera : main_deep_camera:472 | 深度相机1开始运行
2025-06-12 15:23:29 | INFO |p_deep_camera | Thread-3 |  main_deep_camera : main_deep_camera:265 | 深度相机1图像处理线程开始运行
2025-06-12 15:23:44 | ERROR |p_deep_camera | Thread-2 |  main_deep_camera : main_deep_camera:439 | 深度相机_1 | 设备未连接: 异常原因No device connected |   异常堆栈跟踪：None
2025-06-12 15:23:59 | ERROR |p_deep_camera | Thread-2 |  main_deep_camera : main_deep_camera:439 | 深度相机_1 | 设备未连接: 异常原因No device connected |   异常堆栈跟踪：None
2025-06-12 15:23:59 | DEBUG |p_deep_camera | Thread-3 |  main_deep_camera : main_deep_camera:321 | deep_camera_1 | image_process |  图像处理线程一次处理时间：30.244999170303345秒 | 共处理0个图像文件 | 此时总图像帧数量:0
2025-06-12 15:24:14 | ERROR |p_deep_camera | Thread-2 |  main_deep_camera : main_deep_camera:439 | 深度相机_1 | 设备未连接: 异常原因No device connected |   异常堆栈跟踪：None
2025-06-12 15:24:29 | ERROR |p_deep_camera | Thread-2 |  main_deep_camera : main_deep_camera:439 | 深度相机_1 | 设备未连接: 异常原因No device connected |   异常堆栈跟踪：None
2025-06-12 15:24:45 | ERROR |p_deep_camera | Thread-2 |  main_deep_camera : main_deep_camera:439 | 深度相机_1 | 设备未连接: 异常原因No device connected |   异常堆栈跟踪：None
2025-06-12 15:25:00 | ERROR |p_deep_camera | Thread-2 |  main_deep_camera : main_deep_camera:439 | 深度相机_1 | 设备未连接: 异常原因No device connected |   异常堆栈跟踪：None
2025-06-12 15:25:15 | ERROR |p_deep_camera | Thread-2 |  main_deep_camera : main_deep_camera:439 | 深度相机_1 | 设备未连接: 异常原因No device connected |   异常堆栈跟踪：None
2025-06-12 15:25:30 | ERROR |p_deep_camera | Thread-2 |  main_deep_camera : main_deep_camera:439 | 深度相机_1 | 设备未连接: 异常原因No device connected |   异常堆栈跟踪：None
2025-06-12 15:25:45 | ERROR |p_deep_camera | Thread-2 |  main_deep_camera : main_deep_camera:439 | 深度相机_1 | 设备未连接: 异常原因No device connected |   异常堆栈跟踪：None
2025-06-12 15:26:00 | ERROR |p_deep_camera | Thread-2 |  main_deep_camera : main_deep_camera:439 | 深度相机_1 | 设备未连接: 异常原因No device connected |   异常堆栈跟踪：None
2025-06-12 15:29:52 | INFO |p_deep_camera | MainThread |  main_deep_camera : main_deep_camera:582 | ------------------------------deep_camera_start------------------------------
2025-06-12 15:29:52 | INFO |p_deep_camera | MainThread |  main_deep_camera : main_deep_camera:559 | 相机配置文件读取成功。
2025-06-12 15:29:52 | INFO |p_deep_camera | MainThread |  main_deep_camera : main_deep_camera:566 | 相机连接开始时间：2025-06-12 15:29:52.340
2025-06-12 15:29:52 | INFO |p_deep_camera | Thread-1 |  main_deep_camera : main_deep_camera:378 | 深度相机删除文件线程开始运行
2025-06-12 15:30:07 | WARNING |p_deep_camera | Thread-1 |  main_deep_camera : main_deep_camera:369 | 深度相机 | 删除文件总大小: 0 G-bytes | 删除文件总数量： 0 | 此时相机拍摄的图像数量：0
2025-06-12 15:30:07 | INFO |p_deep_camera | Thread-1 |  main_deep_camera : main_deep_camera:390 | deep_camera 删除文件成功
2025-06-12 15:30:12 | WARNING |p_deep_camera | Thread-1 |  main_deep_camera : main_deep_camera:369 | 深度相机 | 删除文件总大小: 0 G-bytes | 删除文件总数量： 0 | 此时相机拍摄的图像数量：0
2025-06-12 15:30:12 | INFO |p_deep_camera | Thread-1 |  main_deep_camera : main_deep_camera:390 | deep_camera 删除文件成功
2025-06-12 15:30:17 | WARNING |p_deep_camera | Thread-1 |  main_deep_camera : main_deep_camera:369 | 深度相机 | 删除文件总大小: 0 G-bytes | 删除文件总数量： 0 | 此时相机拍摄的图像数量：0
2025-06-12 15:30:17 | INFO |p_deep_camera | Thread-1 |  main_deep_camera : main_deep_camera:390 | deep_camera 删除文件成功
2025-06-12 15:30:22 | WARNING |p_deep_camera | Thread-1 |  main_deep_camera : main_deep_camera:369 | 深度相机 | 删除文件总大小: 0 G-bytes | 删除文件总数量： 0 | 此时相机拍摄的图像数量：0
2025-06-12 15:30:22 | INFO |p_deep_camera | Thread-1 |  main_deep_camera : main_deep_camera:390 | deep_camera 删除文件成功
2025-06-12 15:30:27 | WARNING |p_deep_camera | Thread-1 |  main_deep_camera : main_deep_camera:369 | 深度相机 | 删除文件总大小: 0 G-bytes | 删除文件总数量： 0 | 此时相机拍摄的图像数量：0
2025-06-12 15:30:27 | INFO |p_deep_camera | Thread-1 |  main_deep_camera : main_deep_camera:390 | deep_camera 删除文件成功
2025-06-12 15:30:32 | WARNING |p_deep_camera | Thread-1 |  main_deep_camera : main_deep_camera:369 | 深度相机 | 删除文件总大小: 0 G-bytes | 删除文件总数量： 0 | 此时相机拍摄的图像数量：0
2025-06-12 15:30:32 | INFO |p_deep_camera | Thread-1 |  main_deep_camera : main_deep_camera:390 | deep_camera 删除文件成功
2025-06-12 15:30:37 | WARNING |p_deep_camera | Thread-1 |  main_deep_camera : main_deep_camera:369 | 深度相机 | 删除文件总大小: 0 G-bytes | 删除文件总数量： 0 | 此时相机拍摄的图像数量：0
2025-06-12 15:30:37 | INFO |p_deep_camera | Thread-1 |  main_deep_camera : main_deep_camera:390 | deep_camera 删除文件成功
2025-06-12 15:30:42 | WARNING |p_deep_camera | Thread-1 |  main_deep_camera : main_deep_camera:369 | 深度相机 | 删除文件总大小: 0 G-bytes | 删除文件总数量： 0 | 此时相机拍摄的图像数量：0
2025-06-12 15:30:42 | INFO |p_deep_camera | Thread-1 |  main_deep_camera : main_deep_camera:390 | deep_camera 删除文件成功
2025-06-12 15:30:47 | WARNING |p_deep_camera | Thread-1 |  main_deep_camera : main_deep_camera:369 | 深度相机 | 删除文件总大小: 0 G-bytes | 删除文件总数量： 0 | 此时相机拍摄的图像数量：0
2025-06-12 15:30:47 | INFO |p_deep_camera | Thread-1 |  main_deep_camera : main_deep_camera:390 | deep_camera 删除文件成功
2025-06-12 15:30:52 | WARNING |p_deep_camera | Thread-1 |  main_deep_camera : main_deep_camera:369 | 深度相机 | 删除文件总大小: 0 G-bytes | 删除文件总数量： 0 | 此时相机拍摄的图像数量：0
2025-06-12 15:30:52 | INFO |p_deep_camera | Thread-1 |  main_deep_camera : main_deep_camera:390 | deep_camera 删除文件成功
2025-06-12 15:30:57 | WARNING |p_deep_camera | Thread-1 |  main_deep_camera : main_deep_camera:369 | 深度相机 | 删除文件总大小: 0 G-bytes | 删除文件总数量： 0 | 此时相机拍摄的图像数量：0
2025-06-12 15:30:57 | INFO |p_deep_camera | Thread-1 |  main_deep_camera : main_deep_camera:390 | deep_camera 删除文件成功
2025-06-12 15:31:02 | WARNING |p_deep_camera | Thread-1 |  main_deep_camera : main_deep_camera:369 | 深度相机 | 删除文件总大小: 0 G-bytes | 删除文件总数量： 0 | 此时相机拍摄的图像数量：0
2025-06-12 15:31:02 | INFO |p_deep_camera | Thread-1 |  main_deep_camera : main_deep_camera:390 | deep_camera 删除文件成功
2025-06-12 15:31:07 | WARNING |p_deep_camera | Thread-1 |  main_deep_camera : main_deep_camera:369 | 深度相机 | 删除文件总大小: 0 G-bytes | 删除文件总数量： 0 | 此时相机拍摄的图像数量：0
2025-06-12 15:31:07 | INFO |p_deep_camera | Thread-1 |  main_deep_camera : main_deep_camera:390 | deep_camera 删除文件成功
2025-06-12 15:31:12 | WARNING |p_deep_camera | Thread-1 |  main_deep_camera : main_deep_camera:369 | 深度相机 | 删除文件总大小: 0 G-bytes | 删除文件总数量： 0 | 此时相机拍摄的图像数量：0
2025-06-12 15:31:12 | INFO |p_deep_camera | Thread-1 |  main_deep_camera : main_deep_camera:390 | deep_camera 删除文件成功
2025-06-12 15:31:17 | WARNING |p_deep_camera | Thread-1 |  main_deep_camera : main_deep_camera:369 | 深度相机 | 删除文件总大小: 0 G-bytes | 删除文件总数量： 0 | 此时相机拍摄的图像数量：0
2025-06-12 15:31:17 | INFO |p_deep_camera | Thread-1 |  main_deep_camera : main_deep_camera:390 | deep_camera 删除文件成功
2025-06-12 15:31:22 | WARNING |p_deep_camera | Thread-1 |  main_deep_camera : main_deep_camera:369 | 深度相机 | 删除文件总大小: 0 G-bytes | 删除文件总数量： 0 | 此时相机拍摄的图像数量：0
2025-06-12 15:31:22 | INFO |p_deep_camera | Thread-1 |  main_deep_camera : main_deep_camera:390 | deep_camera 删除文件成功
2025-06-12 15:31:27 | WARNING |p_deep_camera | Thread-1 |  main_deep_camera : main_deep_camera:369 | 深度相机 | 删除文件总大小: 0 G-bytes | 删除文件总数量： 0 | 此时相机拍摄的图像数量：0
2025-06-12 15:31:27 | INFO |p_deep_camera | Thread-1 |  main_deep_camera : main_deep_camera:390 | deep_camera 删除文件成功
2025-06-12 15:31:32 | WARNING |p_deep_camera | Thread-1 |  main_deep_camera : main_deep_camera:369 | 深度相机 | 删除文件总大小: 0 G-bytes | 删除文件总数量： 0 | 此时相机拍摄的图像数量：0
2025-06-12 15:31:32 | INFO |p_deep_camera | Thread-1 |  main_deep_camera : main_deep_camera:390 | deep_camera 删除文件成功
2025-06-12 15:31:37 | WARNING |p_deep_camera | Thread-1 |  main_deep_camera : main_deep_camera:369 | 深度相机 | 删除文件总大小: 0 G-bytes | 删除文件总数量： 0 | 此时相机拍摄的图像数量：0
2025-06-12 15:31:37 | INFO |p_deep_camera | Thread-1 |  main_deep_camera : main_deep_camera:390 | deep_camera 删除文件成功
2025-06-12 15:31:42 | WARNING |p_deep_camera | Thread-1 |  main_deep_camera : main_deep_camera:369 | 深度相机 | 删除文件总大小: 0 G-bytes | 删除文件总数量： 0 | 此时相机拍摄的图像数量：0
2025-06-12 15:31:42 | INFO |p_deep_camera | Thread-1 |  main_deep_camera : main_deep_camera:390 | deep_camera 删除文件成功
2025-06-12 15:31:47 | WARNING |p_deep_camera | Thread-1 |  main_deep_camera : main_deep_camera:369 | 深度相机 | 删除文件总大小: 0 G-bytes | 删除文件总数量： 0 | 此时相机拍摄的图像数量：0
2025-06-12 15:31:47 | INFO |p_deep_camera | Thread-1 |  main_deep_camera : main_deep_camera:390 | deep_camera 删除文件成功
2025-06-12 15:31:52 | WARNING |p_deep_camera | Thread-1 |  main_deep_camera : main_deep_camera:369 | 深度相机 | 删除文件总大小: 0 G-bytes | 删除文件总数量： 0 | 此时相机拍摄的图像数量：0
2025-06-12 15:31:52 | INFO |p_deep_camera | Thread-1 |  main_deep_camera : main_deep_camera:390 | deep_camera 删除文件成功
2025-06-12 15:31:57 | WARNING |p_deep_camera | Thread-1 |  main_deep_camera : main_deep_camera:369 | 深度相机 | 删除文件总大小: 0 G-bytes | 删除文件总数量： 0 | 此时相机拍摄的图像数量：0
2025-06-12 15:31:57 | INFO |p_deep_camera | Thread-1 |  main_deep_camera : main_deep_camera:390 | deep_camera 删除文件成功
2025-06-12 15:32:02 | WARNING |p_deep_camera | Thread-1 |  main_deep_camera : main_deep_camera:369 | 深度相机 | 删除文件总大小: 0 G-bytes | 删除文件总数量： 0 | 此时相机拍摄的图像数量：0
2025-06-12 15:32:02 | INFO |p_deep_camera | Thread-1 |  main_deep_camera : main_deep_camera:390 | deep_camera 删除文件成功
2025-06-12 15:32:07 | WARNING |p_deep_camera | Thread-1 |  main_deep_camera : main_deep_camera:369 | 深度相机 | 删除文件总大小: 0 G-bytes | 删除文件总数量： 0 | 此时相机拍摄的图像数量：0
2025-06-12 15:32:07 | INFO |p_deep_camera | Thread-1 |  main_deep_camera : main_deep_camera:390 | deep_camera 删除文件成功
2025-06-12 15:32:12 | WARNING |p_deep_camera | Thread-1 |  main_deep_camera : main_deep_camera:369 | 深度相机 | 删除文件总大小: 0 G-bytes | 删除文件总数量： 0 | 此时相机拍摄的图像数量：0
2025-06-12 15:32:12 | INFO |p_deep_camera | Thread-1 |  main_deep_camera : main_deep_camera:390 | deep_camera 删除文件成功
2025-06-12 15:32:17 | WARNING |p_deep_camera | Thread-1 |  main_deep_camera : main_deep_camera:369 | 深度相机 | 删除文件总大小: 0 G-bytes | 删除文件总数量： 0 | 此时相机拍摄的图像数量：0
2025-06-12 15:32:17 | INFO |p_deep_camera | Thread-1 |  main_deep_camera : main_deep_camera:390 | deep_camera 删除文件成功
2025-06-12 15:32:22 | WARNING |p_deep_camera | Thread-1 |  main_deep_camera : main_deep_camera:369 | 深度相机 | 删除文件总大小: 0 G-bytes | 删除文件总数量： 0 | 此时相机拍摄的图像数量：0
2025-06-12 15:32:22 | INFO |p_deep_camera | Thread-1 |  main_deep_camera : main_deep_camera:390 | deep_camera 删除文件成功
2025-06-12 15:32:27 | WARNING |p_deep_camera | Thread-1 |  main_deep_camera : main_deep_camera:369 | 深度相机 | 删除文件总大小: 0 G-bytes | 删除文件总数量： 0 | 此时相机拍摄的图像数量：0
2025-06-12 15:32:27 | INFO |p_deep_camera | Thread-1 |  main_deep_camera : main_deep_camera:390 | deep_camera 删除文件成功
2025-06-12 15:32:32 | WARNING |p_deep_camera | Thread-1 |  main_deep_camera : main_deep_camera:369 | 深度相机 | 删除文件总大小: 0 G-bytes | 删除文件总数量： 0 | 此时相机拍摄的图像数量：0
2025-06-12 15:32:32 | INFO |p_deep_camera | Thread-1 |  main_deep_camera : main_deep_camera:390 | deep_camera 删除文件成功
2025-06-12 15:32:37 | WARNING |p_deep_camera | Thread-1 |  main_deep_camera : main_deep_camera:369 | 深度相机 | 删除文件总大小: 0 G-bytes | 删除文件总数量： 0 | 此时相机拍摄的图像数量：0
2025-06-12 15:32:37 | INFO |p_deep_camera | Thread-1 |  main_deep_camera : main_deep_camera:390 | deep_camera 删除文件成功
2025-06-12 15:32:42 | WARNING |p_deep_camera | Thread-1 |  main_deep_camera : main_deep_camera:369 | 深度相机 | 删除文件总大小: 0 G-bytes | 删除文件总数量： 0 | 此时相机拍摄的图像数量：0
2025-06-12 15:32:42 | INFO |p_deep_camera | Thread-1 |  main_deep_camera : main_deep_camera:390 | deep_camera 删除文件成功
2025-06-12 15:32:47 | WARNING |p_deep_camera | Thread-1 |  main_deep_camera : main_deep_camera:369 | 深度相机 | 删除文件总大小: 0 G-bytes | 删除文件总数量： 0 | 此时相机拍摄的图像数量：0
2025-06-12 15:32:47 | INFO |p_deep_camera | Thread-1 |  main_deep_camera : main_deep_camera:390 | deep_camera 删除文件成功
2025-06-12 15:32:52 | WARNING |p_deep_camera | Thread-1 |  main_deep_camera : main_deep_camera:369 | 深度相机 | 删除文件总大小: 0 G-bytes | 删除文件总数量： 0 | 此时相机拍摄的图像数量：0
2025-06-12 15:32:52 | INFO |p_deep_camera | Thread-1 |  main_deep_camera : main_deep_camera:390 | deep_camera 删除文件成功
2025-06-12 15:33:04 | INFO |p_deep_camera | MainThread |  main_deep_camera : main_deep_camera:582 | ------------------------------deep_camera_start------------------------------
2025-06-12 15:33:04 | INFO |p_deep_camera | MainThread |  main_deep_camera : main_deep_camera:559 | 相机配置文件读取成功。
2025-06-12 15:33:04 | INFO |p_deep_camera | MainThread |  main_deep_camera : main_deep_camera:566 | 相机连接开始时间：2025-06-12 15:33:04.684
2025-06-12 15:33:04 | INFO |p_deep_camera | Thread-1 |  main_deep_camera : main_deep_camera:378 | 深度相机删除文件线程开始运行
2025-06-12 15:33:19 | ERROR |p_deep_camera | MainThread |  main_deep_camera : main_deep_camera:439 | 深度相机_1 | 设备未连接: 异常原因No device connected |   异常堆栈跟踪：None
2025-06-12 15:33:19 | WARNING |p_deep_camera | Thread-1 |  main_deep_camera : main_deep_camera:369 | 深度相机 | 删除文件总大小: 0 G-bytes | 删除文件总数量： 0 | 此时相机拍摄的图像数量：0
2025-06-12 15:33:19 | INFO |p_deep_camera | Thread-1 |  main_deep_camera : main_deep_camera:390 | deep_camera 删除文件成功
2025-06-12 15:33:19 | INFO |p_deep_camera | Thread-2 |  main_deep_camera : main_deep_camera:472 | 深度相机1开始运行
2025-06-12 15:33:19 | INFO |p_deep_camera | Thread-3 |  main_deep_camera : main_deep_camera:265 | 深度相机1图像处理线程开始运行
2025-06-12 15:36:55 | INFO |p_deep_camera | MainThread |  main_deep_camera : main_deep_camera:582 | ------------------------------deep_camera_start------------------------------
2025-06-12 15:36:55 | INFO |p_deep_camera | MainThread |  main_deep_camera : main_deep_camera:559 | 相机配置文件读取成功。
2025-06-12 15:36:55 | INFO |p_deep_camera | MainThread |  main_deep_camera : main_deep_camera:566 | 相机连接开始时间：2025-06-12 15:36:55.576
2025-06-12 15:36:55 | INFO |p_deep_camera | Thread-1 |  main_deep_camera : main_deep_camera:378 | 深度相机删除文件线程开始运行
2025-06-12 15:37:10 | ERROR |p_deep_camera | MainThread |  main_deep_camera : main_deep_camera:439 | 深度相机_1 | 设备未连接: 异常原因No device connected |   异常堆栈跟踪：None
2025-06-12 15:37:10 | WARNING |p_deep_camera | Thread-1 |  main_deep_camera : main_deep_camera:369 | 深度相机 | 删除文件总大小: 2.6931002290541945e-08 G-bytes | 删除文件总数量： 2 | 此时相机拍摄的图像数量：0
2025-06-12 15:37:10 | INFO |p_deep_camera | Thread-1 |  main_deep_camera : main_deep_camera:390 | deep_camera 删除文件成功
2025-06-12 15:37:10 | INFO |p_deep_camera | Thread-2 |  main_deep_camera : main_deep_camera:472 | 深度相机1开始运行
2025-06-12 15:39:49 | INFO |p_deep_camera | MainThread |  main_deep_camera : main_deep_camera:582 | ------------------------------deep_camera_start------------------------------
2025-06-12 15:39:49 | INFO |p_deep_camera | MainThread |  main_deep_camera : main_deep_camera:559 | 相机配置文件读取成功。
2025-06-12 15:39:49 | INFO |p_deep_camera | MainThread |  main_deep_camera : main_deep_camera:566 | 相机连接开始时间：2025-06-12 15:39:49.817
2025-06-12 15:39:49 | INFO |p_deep_camera | Thread-1 |  main_deep_camera : main_deep_camera:378 | 深度相机删除文件线程开始运行
2025-06-12 15:40:04 | ERROR |p_deep_camera | MainThread |  main_deep_camera : main_deep_camera:439 | 深度相机_1 | 设备未连接: 异常原因No device connected |   异常堆栈跟踪：None
2025-06-12 15:40:04 | WARNING |p_deep_camera | Thread-1 |  main_deep_camera : main_deep_camera:369 | 深度相机 | 删除文件总大小: 2.6931002290541945e-08 G-bytes | 删除文件总数量： 1 | 此时相机拍摄的图像数量：0
2025-06-12 15:40:04 | INFO |p_deep_camera | Thread-1 |  main_deep_camera : main_deep_camera:390 | deep_camera 删除文件成功
2025-06-12 15:40:05 | INFO |p_deep_camera | Thread-2 |  main_deep_camera : main_deep_camera:472 | 深度相机1开始运行
2025-06-12 15:40:05 | INFO |p_deep_camera | Thread-3 |  main_deep_camera : main_deep_camera:265 | 深度相机1图像处理线程开始运行
2025-06-12 15:53:25 | INFO |p_deep_camera | MainThread |  main_deep_camera : main_deep_camera:582 | ------------------------------deep_camera_start------------------------------
2025-06-12 15:53:25 | INFO |p_deep_camera | MainThread |  main_deep_camera : main_deep_camera:559 | 相机配置文件读取成功。
2025-06-12 15:53:25 | INFO |p_deep_camera | MainThread |  main_deep_camera : main_deep_camera:566 | 相机连接开始时间：2025-06-12 15:53:25.396
2025-06-12 15:53:25 | INFO |p_deep_camera | Thread-1 |  main_deep_camera : main_deep_camera:378 | 深度相机删除文件线程开始运行
2025-06-12 15:53:40 | ERROR |p_deep_camera | MainThread |  main_deep_camera : main_deep_camera:439 | 深度相机_1 | 设备未连接: 异常原因No device connected |   异常堆栈跟踪：None
2025-06-12 15:53:40 | WARNING |p_deep_camera | Thread-1 |  main_deep_camera : main_deep_camera:369 | 深度相机 | 删除文件总大小: 2.6931002290541945e-08 G-bytes | 删除文件总数量： 1 | 此时相机拍摄的图像数量：0
2025-06-12 15:53:40 | INFO |p_deep_camera | Thread-1 |  main_deep_camera : main_deep_camera:390 | deep_camera 删除文件成功
2025-06-12 15:53:40 | INFO |p_deep_camera | Thread-2 |  main_deep_camera : main_deep_camera:472 | 深度相机1开始运行
2025-06-12 15:53:40 | INFO |p_deep_camera | Thread-3 |  main_deep_camera : main_deep_camera:265 | 深度相机1图像处理线程开始运行
2025-06-12 15:53:55 | ERROR |p_deep_camera | Thread-2 |  main_deep_camera : main_deep_camera:439 | 深度相机_1 | 设备未连接: 异常原因No device connected |   异常堆栈跟踪：None
2025-06-12 15:54:10 | ERROR |p_deep_camera | Thread-2 |  main_deep_camera : main_deep_camera:439 | 深度相机_1 | 设备未连接: 异常原因No device connected |   异常堆栈跟踪：None
2025-06-12 15:54:10 | DEBUG |p_deep_camera | Thread-3 |  main_deep_camera : main_deep_camera:321 | deep_camera_1 | image_process |  图像处理线程一次处理时间：30.268126487731934秒 | 共处理0个图像文件 | 此时总图像帧数量:0
2025-06-12 15:54:26 | ERROR |p_deep_camera | Thread-2 |  main_deep_camera : main_deep_camera:439 | 深度相机_1 | 设备未连接: 异常原因No device connected |   异常堆栈跟踪：None
2025-06-12 15:54:41 | ERROR |p_deep_camera | Thread-2 |  main_deep_camera : main_deep_camera:439 | 深度相机_1 | 设备未连接: 异常原因No device connected |   异常堆栈跟踪：None
2025-06-12 15:54:56 | ERROR |p_deep_camera | Thread-2 |  main_deep_camera : main_deep_camera:439 | 深度相机_1 | 设备未连接: 异常原因No device connected |   异常堆栈跟踪：None
2025-06-12 15:55:11 | ERROR |p_deep_camera | Thread-2 |  main_deep_camera : main_deep_camera:439 | 深度相机_1 | 设备未连接: 异常原因No device connected |   异常堆栈跟踪：None
2025-06-12 15:55:26 | ERROR |p_deep_camera | Thread-2 |  main_deep_camera : main_deep_camera:439 | 深度相机_1 | 设备未连接: 异常原因No device connected |   异常堆栈跟踪：None
2025-06-12 15:55:41 | ERROR |p_deep_camera | Thread-2 |  main_deep_camera : main_deep_camera:439 | 深度相机_1 | 设备未连接: 异常原因No device connected |   异常堆栈跟踪：None
2025-06-12 15:55:56 | ERROR |p_deep_camera | Thread-2 |  main_deep_camera : main_deep_camera:439 | 深度相机_1 | 设备未连接: 异常原因No device connected |   异常堆栈跟踪：None
2025-06-12 15:56:11 | WARNING |p_deep_camera | Thread-1 |  main_deep_camera : main_deep_camera:369 | 深度相机 | 删除文件总大小: 2.8515178895867942e-08 G-bytes | 删除文件总数量： 2 | 此时相机拍摄的图像数量：0
2025-06-12 15:56:11 | INFO |p_deep_camera | Thread-1 |  main_deep_camera : main_deep_camera:390 | deep_camera 删除文件成功
2025-06-12 15:56:11 | ERROR |p_deep_camera | Thread-2 |  main_deep_camera : main_deep_camera:439 | 深度相机_1 | 设备未连接: 异常原因No device connected |   异常堆栈跟踪：None
2025-06-12 15:56:27 | ERROR |p_deep_camera | Thread-2 |  main_deep_camera : main_deep_camera:439 | 深度相机_1 | 设备未连接: 异常原因No device connected |   异常堆栈跟踪：None
2025-06-12 15:56:42 | ERROR |p_deep_camera | Thread-2 |  main_deep_camera : main_deep_camera:439 | 深度相机_1 | 设备未连接: 异常原因No device connected |   异常堆栈跟踪：None
2025-06-12 15:56:57 | DEBUG |p_deep_camera | Thread-3 |  main_deep_camera : main_deep_camera:321 | deep_camera_1 | image_process |  图像处理线程一次处理时间：45.37679958343506秒 | 共处理0个图像文件 | 此时总图像帧数量:0
2025-06-12 15:56:57 | ERROR |p_deep_camera | Thread-2 |  main_deep_camera : main_deep_camera:439 | 深度相机_1 | 设备未连接: 异常原因No device connected |   异常堆栈跟踪：None
2025-06-12 15:57:12 | ERROR |p_deep_camera | Thread-2 |  main_deep_camera : main_deep_camera:439 | 深度相机_1 | 设备未连接: 异常原因No device connected |   异常堆栈跟踪：None
2025-06-12 15:57:27 | ERROR |p_deep_camera | Thread-2 |  main_deep_camera : main_deep_camera:439 | 深度相机_1 | 设备未连接: 异常原因No device connected |   异常堆栈跟踪：None
2025-06-12 15:57:42 | ERROR |p_deep_camera | Thread-2 |  main_deep_camera : main_deep_camera:439 | 深度相机_1 | 设备未连接: 异常原因No device connected |   异常堆栈跟踪：None
2025-06-12 15:57:57 | ERROR |p_deep_camera | Thread-2 |  main_deep_camera : main_deep_camera:439 | 深度相机_1 | 设备未连接: 异常原因No device connected |   异常堆栈跟踪：None
2025-06-12 15:58:12 | ERROR |p_deep_camera | Thread-2 |  main_deep_camera : main_deep_camera:439 | 深度相机_1 | 设备未连接: 异常原因No device connected |   异常堆栈跟踪：None
2025-06-12 15:58:28 | WARNING |p_deep_camera | Thread-1 |  main_deep_camera : main_deep_camera:369 | 深度相机 | 删除文件总大小: 1.5841766053259967e-09 G-bytes | 删除文件总数量： 1 | 此时相机拍摄的图像数量：0
2025-06-12 15:58:28 | ERROR |p_deep_camera | Thread-2 |  main_deep_camera : main_deep_camera:439 | 深度相机_1 | 设备未连接: 异常原因No device connected |   异常堆栈跟踪：None
2025-06-12 15:58:28 | INFO |p_deep_camera | Thread-1 |  main_deep_camera : main_deep_camera:390 | deep_camera 删除文件成功
2025-06-12 15:58:43 | ERROR |p_deep_camera | Thread-2 |  main_deep_camera : main_deep_camera:439 | 深度相机_1 | 设备未连接: 异常原因No device connected |   异常堆栈跟踪：None
2025-06-12 15:58:58 | DEBUG |p_deep_camera | Thread-3 |  main_deep_camera : main_deep_camera:321 | deep_camera_1 | image_process |  图像处理线程一次处理时间：15.147079706192017秒 | 共处理0个图像文件 | 此时总图像帧数量:0
2025-06-12 15:58:58 | ERROR |p_deep_camera | Thread-2 |  main_deep_camera : main_deep_camera:439 | 深度相机_1 | 设备未连接: 异常原因No device connected |   异常堆栈跟踪：None
2025-06-12 15:59:13 | ERROR |p_deep_camera | Thread-2 |  main_deep_camera : main_deep_camera:439 | 深度相机_1 | 设备未连接: 异常原因No device connected |   异常堆栈跟踪：None
2025-06-12 15:59:28 | ERROR |p_deep_camera | Thread-2 |  main_deep_camera : main_deep_camera:439 | 深度相机_1 | 设备未连接: 异常原因No device connected |   异常堆栈跟踪：None
2025-06-12 15:59:43 | ERROR |p_deep_camera | Thread-2 |  main_deep_camera : main_deep_camera:439 | 深度相机_1 | 设备未连接: 异常原因No device connected |   异常堆栈跟踪：None
2025-06-12 15:59:58 | ERROR |p_deep_camera | Thread-2 |  main_deep_camera : main_deep_camera:439 | 深度相机_1 | 设备未连接: 异常原因No device connected |   异常堆栈跟踪：None
2025-06-12 16:00:13 | ERROR |p_deep_camera | Thread-2 |  main_deep_camera : main_deep_camera:439 | 深度相机_1 | 设备未连接: 异常原因No device connected |   异常堆栈跟踪：None
2025-06-12 16:17:55 | INFO |p_deep_camera | MainThread |  main_deep_camera : main_deep_camera:582 | ------------------------------deep_camera_start------------------------------
2025-06-12 16:21:34 | INFO |p_deep_camera | MainThread |  main_deep_camera : main_deep_camera:582 | ------------------------------deep_camera_start------------------------------
2025-06-12 16:21:34 | INFO |p_deep_camera | MainThread |  main_deep_camera : main_deep_camera:559 | 相机配置文件读取成功。
2025-06-12 16:21:34 | INFO |p_deep_camera | MainThread |  main_deep_camera : main_deep_camera:566 | 相机连接开始时间：2025-06-12 16:21:34.292
2025-06-12 16:21:34 | INFO |p_deep_camera | Thread-1 |  main_deep_camera : main_deep_camera:378 | 深度相机删除文件线程开始运行
2025-06-12 16:21:49 | ERROR |p_deep_camera | MainThread |  main_deep_camera : main_deep_camera:439 | 深度相机_1 | 设备未连接: 异常原因No device connected |   异常堆栈跟踪：None
2025-06-12 16:21:49 | WARNING |p_deep_camera | Thread-1 |  main_deep_camera : main_deep_camera:369 | 深度相机 | 删除文件总大小: 0 G-bytes | 删除文件总数量： 0 | 此时相机拍摄的图像数量：0
2025-06-12 16:21:49 | INFO |p_deep_camera | Thread-1 |  main_deep_camera : main_deep_camera:390 | deep_camera 删除文件成功
2025-06-12 16:21:49 | INFO |p_deep_camera | Thread-2 |  main_deep_camera : main_deep_camera:472 | 深度相机1开始运行
2025-06-12 16:21:49 | INFO |p_deep_camera | Thread-3 |  main_deep_camera : main_deep_camera:265 | 深度相机1图像处理线程开始运行
2025-06-12 16:26:51 | INFO |p_deep_camera | MainThread |  main_deep_camera : main_deep_camera:582 | ------------------------------deep_camera_start------------------------------
2025-06-12 16:26:51 | INFO |p_deep_camera | MainThread |  main_deep_camera : main_deep_camera:559 | 相机配置文件读取成功。
2025-06-12 16:26:51 | INFO |p_deep_camera | MainThread |  main_deep_camera : main_deep_camera:566 | 相机连接开始时间：2025-06-12 16:26:51.358
2025-06-12 16:26:51 | INFO |p_deep_camera | Thread-1 |  main_deep_camera : main_deep_camera:378 | 深度相机删除文件线程开始运行
2025-06-12 16:36:18 | INFO |p_deep_camera | MainThread |  main_deep_camera : main_deep_camera:582 | ------------------------------deep_camera_start------------------------------
2025-06-12 16:36:18 | INFO |p_deep_camera | MainThread |  main_deep_camera : main_deep_camera:559 | 相机配置文件读取成功。
2025-06-12 16:36:18 | INFO |p_deep_camera | MainThread |  main_deep_camera : main_deep_camera:566 | 相机连接开始时间：2025-06-12 16:36:18.696
2025-06-12 16:36:18 | INFO |p_deep_camera | Thread-6 |  main_deep_camera : main_deep_camera:378 | 深度相机删除文件线程开始运行
2025-06-12 16:36:33 | ERROR |p_deep_camera | MainThread |  main_deep_camera : main_deep_camera:439 | 深度相机_1 | 设备未连接: 异常原因No device connected |   异常堆栈跟踪：None
2025-06-12 16:36:33 | WARNING |p_deep_camera | Thread-6 |  main_deep_camera : main_deep_camera:369 | 深度相机 | 删除文件总大小: 2.8515178895867942e-08 G-bytes | 删除文件总数量： 2 | 此时相机拍摄的图像数量：0
2025-06-12 16:36:33 | INFO |p_deep_camera | Thread-6 |  main_deep_camera : main_deep_camera:390 | deep_camera 删除文件成功
2025-06-12 16:36:34 | INFO |p_deep_camera | Thread-7 |  main_deep_camera : main_deep_camera:472 | 深度相机1开始运行
2025-06-12 16:36:34 | INFO |p_deep_camera | Thread-8 |  main_deep_camera : main_deep_camera:265 | 深度相机1图像处理线程开始运行
2025-06-12 16:36:49 | ERROR |p_deep_camera | Thread-7 |  main_deep_camera : main_deep_camera:439 | 深度相机_1 | 设备未连接: 异常原因No device connected |   异常堆栈跟踪：None
2025-06-12 16:37:04 | DEBUG |p_deep_camera | Thread-8 |  main_deep_camera : main_deep_camera:321 | deep_camera_1 | image_process |  图像处理线程一次处理时间：30.239660263061523秒 | 共处理0个图像文件 | 此时总图像帧数量:0
2025-06-12 16:37:04 | ERROR |p_deep_camera | Thread-7 |  main_deep_camera : main_deep_camera:439 | 深度相机_1 | 设备未连接: 异常原因No device connected |   异常堆栈跟踪：None
2025-06-12 16:37:19 | ERROR |p_deep_camera | Thread-7 |  main_deep_camera : main_deep_camera:439 | 深度相机_1 | 设备未连接: 异常原因No device connected |   异常堆栈跟踪：None
2025-06-12 16:37:34 | ERROR |p_deep_camera | Thread-7 |  main_deep_camera : main_deep_camera:439 | 深度相机_1 | 设备未连接: 异常原因No device connected |   异常堆栈跟踪：None
2025-06-12 16:37:49 | ERROR |p_deep_camera | Thread-7 |  main_deep_camera : main_deep_camera:439 | 深度相机_1 | 设备未连接: 异常原因No device connected |   异常堆栈跟踪：None
2025-06-12 16:38:04 | ERROR |p_deep_camera | Thread-7 |  main_deep_camera : main_deep_camera:439 | 深度相机_1 | 设备未连接: 异常原因No device connected |   异常堆栈跟踪：None
2025-06-12 16:38:20 | ERROR |p_deep_camera | Thread-7 |  main_deep_camera : main_deep_camera:439 | 深度相机_1 | 设备未连接: 异常原因No device connected |   异常堆栈跟踪：None
